<?xml version="1.0" encoding="UTF-8"?>
<!-- Generated by org.testng.reporters.JUnitXMLReporter -->
<testsuite ignored="2" hostname="5H5BCK3" failures="0" tests="3" name="chrome" time="0.146" errors="0" timestamp="2023-04-06T10:44:20 EET">
  <testcase classname="Tests.TestBase" name="@BeforeSuite setup" time="4.43">
    <failure type="org.openqa.selenium.remote.http.ConnectionFailedException" message="Unable to establish websocket connection to http://localhost:50958/devtools/browser/6ebdace2-13c9-4a9b-b707-dace920577a3
Build info: version: &amp;apos;4.0.0&amp;apos;, revision: &amp;apos;3a21814679&amp;apos;
System info: host: &amp;apos;5H5BCK3&amp;apos;, ip: &amp;apos;192.168.0.104&amp;apos;, os.name: &amp;apos;Windows 10&amp;apos;, os.arch: &amp;apos;amd64&amp;apos;, os.version: &amp;apos;10.0&amp;apos;, java.version: &amp;apos;17.0.3&amp;apos;
Driver info: driver.version: ChromeDriver">
      <![CDATA[org.openqa.selenium.remote.http.ConnectionFailedException: Unable to establish websocket connection to http://localhost:50958/devtools/browser/6ebdace2-13c9-4a9b-b707-dace920577a3
Build info: version: '4.0.0', revision: '3a21814679'
System info: host: '5H5BCK3', ip: '192.168.0.104', os.name: 'Windows 10', os.arch: 'amd64', os.version: '10.0', java.version: '17.0.3'
Driver info: driver.version: ChromeDriver
at org.openqa.selenium.remote.http.netty.NettyWebSocket.<init>(NettyWebSocket.java:104)
at org.openqa.selenium.remote.http.netty.NettyWebSocket.lambda$create$3(NettyWebSocket.java:137)
at org.openqa.selenium.remote.http.netty.NettyClient.openSocket(NettyClient.java:127)
at org.openqa.selenium.devtools.Connection.<init>(Connection.java:77)
at org.openqa.selenium.chromium.ChromiumDriver.lambda$new$2(ChromiumDriver.java:124)
at java.base/java.util.Optional.map(Optional.java:260)
at org.openqa.selenium.chromium.ChromiumDriver.<init>(ChromiumDriver.java:122)
at org.openqa.selenium.chrome.ChromeDriver.<init>(ChromeDriver.java:104)
at org.openqa.selenium.chrome.ChromeDriver.<init>(ChromeDriver.java:91)
at org.openqa.selenium.chrome.ChromeDriver.<init>(ChromeDriver.java:46)
at Tests.TestBase.setup(TestBase.java:49)
... Removed 19 stack frames]]>
    </failure>
  </testcase> <!-- @BeforeSuite setup -->
  <testcase classname="Tests.TestBase" name="@BeforeMethod SetUp" time="-1.680770659894E9">
    <skipped/>
  </testcase> <!-- @BeforeMethod SetUp -->
  <testcase classname="Tests.TestBase" name="@AfterMethod results" time="-1.68077065991E9">
    <skipped/>
  </testcase> <!-- @AfterMethod results -->
  <testcase classname="Tests.TestBase" name="@BeforeMethod SetUp" time="-1.680770659919E9">
    <skipped/>
  </testcase> <!-- @BeforeMethod SetUp -->
  <testcase classname="Tests.TestBase" name="@AfterMethod results" time="-1.680770659932E9">
    <skipped/>
  </testcase> <!-- @AfterMethod results -->
  <testcase classname="Tests.TestBase" name="@BeforeMethod SetUp" time="-1.680770659936E9">
    <skipped/>
  </testcase> <!-- @BeforeMethod SetUp -->
  <testcase classname="Tests.TestBase" name="@AfterMethod results" time="-1.680770659952E9">
    <skipped/>
  </testcase> <!-- @AfterMethod results -->
  <testcase classname="Tests.CrudTest" name="CheckTheNewRecipeIsAppear" time="0.0">
    <skipped/>
  </testcase> <!-- CheckTheNewRecipeIsAppear -->
  <testcase classname="Tests.CrudTest" name="EditRecipe" time="0.0">
    <skipped/>
  </testcase> <!-- EditRecipe -->
  <testcase classname="Tests.CrudTest" name="assertNewIngredient" time="0.0">
    <skipped/>
  </testcase> <!-- assertNewIngredient -->
  <testcase classname="Tests.TestBase" name="@AfterSuite tearDown" time="0.0">
    <ignored/>
  </testcase> <!-- @AfterSuite tearDown -->
  <testcase classname="Tests.TestBase" name="@BeforeSuite setup" time="0.0">
    <ignored/>
  </testcase> <!-- @BeforeSuite setup -->
</testsuite> <!-- chrome -->
