<?xml version="1.0" encoding="UTF-8"?>
<!-- Generated by org.testng.reporters.JUnitXMLReporter -->
<testsuite hostname="DESKTOP-JDS4IBD" ignored="4" name="Test" tests="4" failures="1" timestamp="2021-12-25T15:40:38 EET" time="13.005" errors="0">
  <testcase name="AssertFirstResult" time="3.495" classname="Tests.Task1Test">
    <failure type="java.lang.AssertionError" message="expected [true] but found [false]">
      <![CDATA[java.lang.AssertionError: expected [true] but found [false]
at Tests.Task1Test.AssertFirstResult(Task1Test.java:29)
at java.util.ArrayList.forEach(ArrayList.java:1249)
... Removed 31 stack frames]]>
    </failure>
  </testcase> <!-- AssertFirstResult -->
  <testcase name="assertApps" time="2.385" classname="Tests.Task2Test"/>
  <testcase name="CheckByCurrentCategory" time="3.088" classname="Tests.Task2Test"/>
  <testcase name="CheckByCurrentUrl" time="2.0" classname="Tests.Task2Test"/>
  <testcase name="@BeforeSuite start" time="0.0" classname="Tests.TestBase">
    <ignored/>
  </testcase> <!-- @BeforeSuite start -->
  <testcase name="@BeforeSuite start" time="0.0" classname="Tests.TestBase">
    <ignored/>
  </testcase> <!-- @BeforeSuite start -->
  <testcase name="@AfterSuite tearDown" time="0.0" classname="Tests.TestBase">
    <ignored/>
  </testcase> <!-- @AfterSuite tearDown -->
  <testcase name="@AfterSuite tearDown" time="0.0" classname="Tests.TestBase">
    <ignored/>
  </testcase> <!-- @AfterSuite tearDown -->
</testsuite> <!-- Test -->
